make[1]: Entering directory '/home/nitsan/Desktop/comp191/comp_proj/comp_proj'
cd /home/nitsan/Desktop/comp191/comp_proj/comp_proj/ && ocaml compiler.ml /home/nitsan/Desktop/comp191/comp_proj/comp_proj/Project_Test/Tests/test_422/test.scm > Project_Test/Tests/test_422/test.s && nasm -f elf64 -o Project_Test/Tests/test_422/test.o Project_Test/Tests/test_422/test.s && gcc -static -m64 -o Project_Test/Tests/test_422/test Project_Test/Tests/test_422/test.o && mv Project_Test/Tests/test_422/test /home/nitsan/Desktop/comp191/comp_proj/comp_proj
File "./code-gen.ml", line 361, characters 8-27:
Warning 11: this match case is unused.
Project_Test/Tests/test_422/test.s:58: error: macro call expects terminating `)'
Project_Test/Tests/test_422/test.s:58: error: expression syntax error
Makefile:7: recipe for target 'Project_Test/Tests/test_422/test' failed
make[1]: *** [Project_Test/Tests/test_422/test] Error 1
make[1]: Leaving directory '/home/nitsan/Desktop/comp191/comp_proj/comp_proj'
